<?xml version="1.0" encoding="UTF-8"?>
<!-- Generated by org.testng.reporters.JUnitReportReporter -->
<testsuite hostname="vivobook-asuslaptop-x512flc-x512fl" failures="0" tests="5" name="com.Reg.TRS_Data.Getdata" time="172.261" errors="0" timestamp="2024-01-25T09:31:45 IST" skipped="0">
  <testcase classname="com.Reg.TRS_Data.Getdata" name="login" time="9.520"/>
  <system-out/>
  <testcase classname="com.Reg.TRS_Data.Getdata" name="series_set" time="17.219"/>
  <system-out/>
  <testcase classname="com.Reg.TRS_Data.Getdata" name="registration" time="6.088"/>
  <system-out/>
  <testcase classname="com.Reg.TRS_Data.Getdata" name="getTrs" time="51.520"/>
  <system-out/>
  <testcase classname="com.Reg.TRS_Data.Getdata" name="getTrs2" time="87.914"/>
  <system-out/>
</testsuite> <!-- com.Reg.TRS_Data.Getdata -->
