<?xml version="1.0" encoding="UTF-8"?>
<!-- Generated by org.testng.reporters.JUnitReportReporter -->
<testsuite hostname="vivobook-asuslaptop-x512flc-x512fl" failures="0" tests="1" name="com.Reg.TRS_Data.Testing" time="0.748" errors="0" timestamp="2024-01-19T10:09:48 IST" skipped="0">
  <testcase classname="com.Reg.TRS_Data.Testing" name="testDB" time="0.748"/>
  <system-out/>
</testsuite> <!-- com.Reg.TRS_Data.Testing -->
