<?xml version="1.0" encoding="UTF-8"?>
<!-- Generated by org.testng.reporters.JUnitReportReporter -->
<testsuite hostname="vivobook-asuslaptop-x512flc-x512fl" failures="0" tests="5" name="com.Reg.TRS_Data.Trsdata_Fb40_Heos" time="92.294" errors="0" timestamp="2024-01-25T10:56:19 IST" skipped="0">
  <testcase classname="com.Reg.TRS_Data.Trsdata_Fb40_Heos" name="login" time="10.694"/>
  <system-out/>
  <testcase classname="com.Reg.TRS_Data.Trsdata_Fb40_Heos" name="series_set" time="19.388"/>
  <system-out/>
  <testcase classname="com.Reg.TRS_Data.Trsdata_Fb40_Heos" name="registration" time="6.078"/>
  <system-out/>
  <testcase classname="com.Reg.TRS_Data.Trsdata_Fb40_Heos" name="getTrs" time="21.183"/>
  <system-out/>
  <testcase classname="com.Reg.TRS_Data.Trsdata_Fb40_Heos" name="getTrs2" time="34.951"/>
  <system-out/>
</testsuite> <!-- com.Reg.TRS_Data.Trsdata_Fb40_Heos -->
